#
# A fatal error has been detected by the Java Runtime Environment:
#
#  EXCEPTION_ACCESS_VIOLATION (0xc0000005) at pc=0x000000005f21e580, pid=8180, tid=6340
#
# JRE version: Java(TM) SE Runtime Environment (8.0_60-b27) (build 1.8.0_60-b27)
# Java VM: Java HotSpot(TM) 64-Bit Server VM (25.60-b23 mixed mode windows-amd64 compressed oops)
# Problematic frame:
# V  [jvm.dll+0xae580]
#
# Failed to write core dump. Minidumps are not enabled by default on client versions of Windows
#
# If you would like to submit a bug report, please visit:
#   http://bugreport.java.com/bugreport/crash.jsp
#

---------------  T H R E A D  ---------------

Current thread (0x0000000001d9f800):  GCTaskThread [stack: 0x0000000002000000,0x0000000002100000] [id=6340]

siginfo: ExceptionCode=0xc0000005, reading address 0x0000000000000008

Registers:
RAX=0x0000000000000000, RBX=0x00000000ecf12958, RCX=0x00000000ecf12958, RDX=0x0000000000000000
RSP=0x00000000020ff6b8, RBP=0x00000000118a0301, RSI=0x0000000054ce7a00, RDI=0x00000000c0050610
R8 =0x0000000054ce7a00, R9 =0x0000000014360d48, R10=0x0000000000000000, R11=0x00000000ecd70068
R12=0x00000000118a0282, R13=0x00000000ecf12e00, R14=0x0000000000000000, R15=0x0000000001d99620
RIP=0x000000005f21e580, EFLAGS=0x0000000000010246

Top of Stack: (sp=0x00000000020ff6b8)
0x00000000020ff6b8:   000000005f56add2 0000000000000011
0x00000000020ff6c8:   0000000000000003 0000000054ce7a00
0x00000000020ff6d8:   0000000000000008 00000000ecd6eaa8
0x00000000020ff6e8:   0000000000001000 0000000054ce7a00
0x00000000020ff6f8:   000000005f281663 0000000000000000
0x00000000020ff708:   0000000054ce7a00 00000000118a0282
0x00000000020ff718:   000000005f56b140 00000000ecd6ff94
0x00000000020ff728:   00000000118a0301 0000000054ce7a00
0x00000000020ff738:   00000000c0050610 00000000ecd6ff94
0x00000000020ff748:   000000005f56bce5 00000000ecd9b568
0x00000000020ff758:   00000000118a0301 0000000054ce7a00
0x00000000020ff768:   0000000000000004 0000000054ce7a00
0x00000000020ff778:   0000000054ce7a00 0000000000000000
0x00000000020ff788:   000000005f56b51b 0000000054ce7a00
0x00000000020ff798:   000000005f281663 00000000c001fc69
0x00000000020ff7a8:   00000000c001fc69 00000000c0050584 

Instructions: (pc=0x000000005f21e580)
0x000000005f21e560:   ec a6 1d 00 48 8b 9c 24 d0 00 00 00 48 81 c4 c0
0x000000005f21e570:   00 00 00 5d c3 cc cc cc cc cc cc cc cc cc cc cc
0x000000005f21e580:   44 8b 42 08 4c 8b ca 45 85 c0 7e 0e 41 f6 c0 01
0x000000005f21e590:   75 57 41 c1 f8 03 41 8b c0 c3 79 4d 80 3d ce 1c 


Register to memory mapping:

RAX=0x0000000000000000 is an unknown value
RBX=0x00000000ecf12958 is an oop

[error occurred during error reporting (printing register info), id 0xc0000005]

Stack: [0x0000000002000000,0x0000000002100000],  sp=0x00000000020ff6b8,  free space=1021k
Native frames: (J=compiled Java code, j=interpreted, Vv=VM code, C=native code)
V  [jvm.dll+0xae580]


---------------  P R O C E S S  ---------------

Java Threads: ( => current thread )
  0x000000005697f000 JavaThread "pool-2-thread-4" [_thread_blocked, id=6236, stack(0x0000000057580000,0x0000000057680000)]
  0x000000005697d800 JavaThread "pool-2-thread-3" [_thread_blocked, id=6548, stack(0x00000000572b0000,0x00000000573b0000)]
  0x000000005697a000 JavaThread "pool-2-thread-2" [_thread_blocked, id=6420, stack(0x0000000057110000,0x0000000057210000)]
  0x0000000056803800 JavaThread "pool-3-thread-1" [_thread_blocked, id=6628, stack(0x0000000057000000,0x0000000057100000)]
  0x0000000056803000 JavaThread "pool-2-thread-1" [_thread_blocked, id=6616, stack(0x0000000056ea0000,0x0000000056fa0000)]
  0x0000000054d57800 JavaThread "Service Thread" daemon [_thread_blocked, id=5476, stack(0x0000000056b80000,0x0000000056c80000)]
  0x0000000054d55800 JavaThread "C1 CompilerThread2" daemon [_thread_blocked, id=6592, stack(0x00000000560c0000,0x00000000561c0000)]
  0x0000000054d54800 JavaThread "C2 CompilerThread1" daemon [_thread_blocked, id=7576, stack(0x0000000056590000,0x0000000056690000)]
  0x0000000054d51000 JavaThread "C2 CompilerThread0" daemon [_thread_blocked, id=6968, stack(0x0000000055ea0000,0x0000000055fa0000)]
  0x0000000054d5e000 JavaThread "Attach Listener" daemon [_thread_blocked, id=7788, stack(0x0000000056380000,0x0000000056480000)]
  0x0000000054d5d000 JavaThread "Signal Dispatcher" daemon [_thread_blocked, id=4480, stack(0x0000000056240000,0x0000000056340000)]
  0x0000000054cf1800 JavaThread "Finalizer" daemon [_thread_blocked, id=4472, stack(0x0000000055fc0000,0x00000000560c0000)]
  0x0000000054cf0000 JavaThread "Reference Handler" daemon [_thread_blocked, id=4352, stack(0x0000000055da0000,0x0000000055ea0000)]
  0x0000000001d4e000 JavaThread "main" [_thread_blocked, id=1508, stack(0x0000000002110000,0x0000000002210000)]

Other Threads:
  0x0000000054cea800 VMThread [stack: 0x0000000055c60000,0x0000000055d60000] [id=7876]
  0x000000005671c800 WatcherThread [stack: 0x0000000056d50000,0x0000000056e50000] [id=1064]

=>0x0000000001d9f800 (exited) GCTaskThread [stack: 0x0000000002000000,0x0000000002100000] [id=6340]

VM state:at safepoint (normal execution)

VM Mutex/Monitor currently owned by a thread:  ([mutex/lock_event])
[0x0000000001d4c570] Threads_lock - owner thread: 0x0000000054cea800
[0x0000000001d4ca70] Heap_lock - owner thread: 0x000000005697a000

Heap:
 PSYoungGen      total 35328K, used 35301K [0x00000000eab00000, 0x00000000ed000000, 0x0000000100000000)
  eden space 32768K, 100% used [0x00000000eab00000,0x00000000ecb00000,0x00000000ecb00000)
  from space 2560K, 98% used [0x00000000ecd80000,0x00000000ecff9490,0x00000000ed000000)
  to   space 2560K, 99% used [0x00000000ecb00000,0x00000000ecd7eaa8,0x00000000ecd80000)
 ParOldGen       total 44032K, used 20026K [0x00000000c0000000, 0x00000000c2b00000, 0x00000000eab00000)
  object space 44032K, 45% used [0x00000000c0000000,0x00000000c138eae0,0x00000000c2b00000)
 Metaspace       used 5748K, capacity 6896K, committed 7040K, reserved 1056768K
  class space    used 580K, capacity 616K, committed 640K, reserved 1048576K

Card table byte_map: [0x00000000118a0000,0x0000000011ab0000] byte_map_base: 0x00000000112a0000

Marking Bits: (ParMarkBitMap*) 0x000000005f97a5b0
 Begin Bits: [0x0000000012160000, 0x0000000013160000)
 End Bits:   [0x0000000013160000, 0x0000000014160000)

Polling page: 0x0000000000410000

CodeCache: size=245760Kb used=4640Kb max_used=4640Kb free=241119Kb
 bounds [0x00000000024e0000, 0x0000000002970000, 0x00000000114e0000]
 total_blobs=1470 nmethods=1209 adapters=174
 compilation: enabled

Compilation events (10 events):
Event: 2.129 Thread 0x0000000054d55800 1239       2       com.android.dx.dex.code.BlockAddresses::getStart (7 bytes)
Event: 2.130 Thread 0x0000000054d55800 nmethod 1239 0x0000000002959b50 code [0x0000000002959ca0, 0x0000000002959e10]
Event: 2.130 Thread 0x0000000054d55800 1240       2       com.android.dx.rop.type.Prototype::compareTo (120 bytes)
Event: 2.131 Thread 0x0000000054d55800 nmethod 1240 0x0000000002959090 code [0x0000000002959240, 0x0000000002959618]
Event: 2.134 Thread 0x0000000054d55800 1241 %     3       com.android.dx.ssa.SsaMethod::computeReachability @ 95 (131 bytes)
Event: 2.138 Thread 0x0000000054d55800 nmethod 1241% 0x0000000002966950 code [0x0000000002966d20, 0x0000000002968ef8]
Event: 2.138 Thread 0x0000000054d55800 1242       3       com.android.dx.ssa.SsaMethod::computeReachability (131 bytes)
Event: 2.142 Thread 0x0000000054d55800 nmethod 1242 0x000000000296a410 code [0x000000000296a7c0, 0x000000000296c808]
Event: 2.148 Thread 0x0000000054d55800 1243       2       com.android.dx.rop.code.RegisterSpec::withLocalItem (41 bytes)
Event: 2.148 Thread 0x0000000054d55800 nmethod 1243 0x0000000002966450 code [0x00000000029665c0, 0x0000000002966818]

GC Heap History (5 events):
Event: 1.033 GC heap before
{Heap before GC invocations=1 (full 0):
 PSYoungGen      total 18944K, used 16384K [0x00000000eab00000, 0x00000000ec000000, 0x0000000100000000)
  eden space 16384K, 100% used [0x00000000eab00000,0x00000000ebb00000,0x00000000ebb00000)
  from space 2560K, 0% used [0x00000000ebd80000,0x00000000ebd80000,0x00000000ec000000)
  to   space 2560K, 0% used [0x00000000ebb00000,0x00000000ebb00000,0x00000000ebd80000)
 ParOldGen       total 44032K, used 0K [0x00000000c0000000, 0x00000000c2b00000, 0x00000000eab00000)
  object space 44032K, 0% used [0x00000000c0000000,0x00000000c0000000,0x00000000c2b00000)
 Metaspace       used 5434K, capacity 6640K, committed 6784K, reserved 1056768K
  class space    used 570K, capacity 616K, committed 640K, reserved 1048576K
Event: 1.222 GC heap after
Heap after GC invocations=1 (full 0):
 PSYoungGen      total 18944K, used 2556K [0x00000000eab00000, 0x00000000ed000000, 0x0000000100000000)
  eden space 16384K, 0% used [0x00000000eab00000,0x00000000eab00000,0x00000000ebb00000)
  from space 2560K, 99% used [0x00000000ebb00000,0x00000000ebd7f1f0,0x00000000ebd80000)
  to   space 2560K, 0% used [0x00000000ecd80000,0x00000000ecd80000,0x00000000ed000000)
 ParOldGen       total 44032K, used 4197K [0x00000000c0000000, 0x00000000c2b00000, 0x00000000eab00000)
  object space 44032K, 9% used [0x00000000c0000000,0x00000000c0419660,0x00000000c2b00000)
 Metaspace       used 5434K, capacity 6640K, committed 6784K, reserved 1056768K
  class space    used 570K, capacity 616K, committed 640K, reserved 1048576K
}
Event: 1.589 GC heap before
{Heap before GC invocations=2 (full 0):
 PSYoungGen      total 18944K, used 18940K [0x00000000eab00000, 0x00000000ed000000, 0x0000000100000000)
  eden space 16384K, 100% used [0x00000000eab00000,0x00000000ebb00000,0x00000000ebb00000)
  from space 2560K, 99% used [0x00000000ebb00000,0x00000000ebd7f1f0,0x00000000ebd80000)
  to   space 2560K, 0% used [0x00000000ecd80000,0x00000000ecd80000,0x00000000ed000000)
 ParOldGen       total 44032K, used 4197K [0x00000000c0000000, 0x00000000c2b00000, 0x00000000eab00000)
  object space 44032K, 9% used [0x00000000c0000000,0x00000000c0419660,0x00000000c2b00000)
 Metaspace       used 5597K, capacity 6768K, committed 7040K, reserved 1056768K
  class space    used 577K, capacity 616K, committed 640K, reserved 1048576K
Event: 1.621 GC heap after
Heap after GC invocations=2 (full 0):
 PSYoungGen      total 35328K, used 2533K [0x00000000eab00000, 0x00000000ed000000, 0x0000000100000000)
  eden space 32768K, 0% used [0x00000000eab00000,0x00000000eab00000,0x00000000ecb00000)
  from space 2560K, 98% used [0x00000000ecd80000,0x00000000ecff9490,0x00000000ed000000)
  to   space 2560K, 0% used [0x00000000ecb00000,0x00000000ecb00000,0x00000000ecd80000)
 ParOldGen       total 44032K, used 9171K [0x00000000c0000000, 0x00000000c2b00000, 0x00000000eab00000)
  object space 44032K, 20% used [0x00000000c0000000,0x00000000c08f4d18,0x00000000c2b00000)
 Metaspace       used 5597K, capacity 6768K, committed 7040K, reserved 1056768K
  class space    used 577K, capacity 616K, committed 640K, reserved 1048576K
}
Event: 2.159 GC heap before
{Heap before GC invocations=3 (full 0):
 PSYoungGen      total 35328K, used 35301K [0x00000000eab00000, 0x00000000ed000000, 0x0000000100000000)
  eden space 32768K, 100% used [0x00000000eab00000,0x00000000ecb00000,0x00000000ecb00000)
  from space 2560K, 98% used [0x00000000ecd80000,0x00000000ecff9490,0x00000000ed000000)
  to   space 2560K, 0% used [0x00000000ecb00000,0x00000000ecb00000,0x00000000ecd80000)
 ParOldGen       total 44032K, used 9171K [0x00000000c0000000, 0x00000000c2b00000, 0x00000000eab00000)
  object space 44032K, 20% used [0x00000000c0000000,0x00000000c08f4d18,0x00000000c2b00000)
 Metaspace       used 5748K, capacity 6896K, committed 7040K, reserved 1056768K
  class space    used 580K, capacity 616K, committed 640K, reserved 1048576K

Deoptimization events (10 events):
Event: 1.372 Thread 0x0000000056803000 Uncommon trap: reason=unstable_if action=reinterpret pc=0x00000000028172f4 method=com.android.dx.rop.code.RegisterSpec.equals(ILcom/android/dx/rop/type/TypeBearer;Lcom/android/dx/rop/code/LocalItem;)Z @ 16
Event: 1.800 Thread 0x000000005697a000 Uncommon trap: reason=unstable_if action=reinterpret pc=0x00000000028b74f4 method=com.android.dx.ssa.SsaRenamer.equalsHandlesNulls(Ljava/lang/Object;Ljava/lang/Object;)Z @ 2
Event: 1.811 Thread 0x000000005697a000 Uncommon trap: reason=unstable_if action=reinterpret pc=0x0000000002813318 method=com.android.dx.util.IntList.binarysearch(I)I @ 26
Event: 1.814 Thread 0x000000005697a000 Uncommon trap: reason=class_check action=maybe_recompile pc=0x00000000027fb720 method=com.android.dx.rop.type.Type.equals(Ljava/lang/Object;)Z @ 8
Event: 1.814 Thread 0x000000005697a000 Uncommon trap: reason=unstable_if action=reinterpret pc=0x000000000273d468 method=com.android.dx.cf.code.Ropper.labelToResultIndex(I)I @ 34
Event: 1.814 Thread 0x000000005697a000 Uncommon trap: reason=class_check action=maybe_recompile pc=0x00000000027fb720 method=com.android.dx.rop.type.Type.equals(Ljava/lang/Object;)Z @ 8
Event: 1.851 Thread 0x0000000001d4e000 Uncommon trap: reason=unstable_if action=reinterpret pc=0x00000000028c8a28 method=com.android.dx.ssa.SsaRenamer.getLocalForNewReg(I)Lcom/android/dx/rop/code/LocalItem; @ 8
Event: 1.903 Thread 0x000000005697a000 Uncommon trap: reason=class_check action=maybe_recompile pc=0x00000000027fb720 method=com.android.dx.rop.type.Type.equals(Ljava/lang/Object;)Z @ 8
Event: 1.903 Thread 0x000000005697a000 Uncommon trap: reason=class_check action=maybe_recompile pc=0x00000000027fb720 method=com.android.dx.rop.type.Type.equals(Ljava/lang/Object;)Z @ 8
Event: 1.906 Thread 0x000000005697a000 Uncommon trap: reason=unstable_if action=reinterpret pc=0x00000000027e9118 method=com.android.dx.rop.code.RegisterSpec.equals(ILcom/android/dx/rop/type/TypeBearer;Lcom/android/dx/rop/code/LocalItem;)Z @ 16

Internal exceptions (2 events):
Event: 0.083 Thread 0x0000000001d4e000 Exception <a 'java/lang/NoSuchMethodError': Method sun.misc.Unsafe.defineClass(Ljava/lang/String;[BII)Ljava/lang/Class; name or signature does not match> (0x00000000eab0d7f0) thrown at [C:\re\workspace\8-2-build-windows-amd64-cygwin\jdk8u60\4407\hotspot\sr/#f reµ?
Event: 0.084 Thread 0x0000000001d4e000 Exception <a 'java/lang/NoSuchMethodError': Method sun.misc.Unsafe.prefetchRead(Ljava/lang/Object;J)V name or signature does not match> (0x00000000eab0dad8) thrown at [C:\re\workspace\8-2-build-windows-amd64-cygwin\jdk8u60\4407\hotspot\src\share\vm\prims\j

Events (10 events):
Event: 2.068 Thread 0x000000005697a000 DEOPT UNPACKING pc=0x000000000252787f sp=0x000000005720e658 mode 0
Event: 2.086 Thread 0x000000005697d800 DEOPT PACKING pc=0x000000000289f7ca sp=0x00000000573ae780
Event: 2.086 Thread 0x000000005697d800 DEOPT UNPACKING pc=0x000000000252787f sp=0x00000000573ae560 mode 0
Event: 2.094 Thread 0x0000000001d4e000 DEOPT PACKING pc=0x000000000290dd9b sp=0x000000000220e400
Event: 2.094 Thread 0x0000000001d4e000 DEOPT UNPACKING pc=0x000000000252787f sp=0x000000000220e150 mode 0
Event: 2.113 Thread 0x0000000001d4e000 DEOPT PACKING pc=0x000000000288dbaa sp=0x000000000220e2f0
Event: 2.113 Thread 0x0000000001d4e000 DEOPT UNPACKING pc=0x000000000252787f sp=0x000000000220e070 mode 0
Event: 2.142 Thread 0x000000005697d800 DEOPT PACKING pc=0x00000000028d4878 sp=0x00000000573ae8e0
Event: 2.142 Thread 0x000000005697d800 DEOPT UNPACKING pc=0x000000000252787f sp=0x00000000573ae6b0 mode 0
Event: 2.149 Executing VM operation: ParallelGCFailedAllocation


Dynamic libraries:
0x000000013f6b0000 - 0x000000013f6e7000 	C:\Program Files\Java\jdk1.8.0_60\bin\java.exe
0x0000000077420000 - 0x00000000775ca000 	C:\Windows\SYSTEM32\ntdll.dll
0x0000000077200000 - 0x000000007731f000 	C:\Windows\system32\kernel32.dll
0x000007fefd1c0000 - 0x000007fefd22a000 	C:\Windows\system32\KERNELBASE.dll
0x000007fefe8c0000 - 0x000007fefe99b000 	C:\Windows\system32\ADVAPI32.dll
0x000007fefd890000 - 0x000007fefd92f000 	C:\Windows\system32\msvcrt.dll
0x000007feff0e0000 - 0x000007feff0ff000 	C:\Windows\SYSTEM32\sechost.dll
0x000007fefea60000 - 0x000007fefeb8d000 	C:\Windows\system32\RPCRT4.dll
0x0000000077320000 - 0x000000007741a000 	C:\Windows\system32\USER32.dll
0x000007feff100000 - 0x000007feff167000 	C:\Windows\system32\GDI32.dll
0x000007fefd930000 - 0x000007fefd93e000 	C:\Windows\system32\LPK.dll
0x000007feff380000 - 0x000007feff44a000 	C:\Windows\system32\USP10.dll
0x000007fefbc00000 - 0x000007fefbdf4000 	C:\Windows\WinSxS\amd64_microsoft.windows.common-controls_6595b64144ccf1df_6.0.7601.18837_none_fa3b1e3d17594757\COMCTL32.dll
0x000007fefd560000 - 0x000007fefd5d1000 	C:\Windows\system32\SHLWAPI.dll
0x000007fefd7c0000 - 0x000007fefd7ee000 	C:\Windows\system32\IMM32.DLL
0x000007fefe730000 - 0x000007fefe839000 	C:\Windows\system32\MSCTF.dll
0x000000005fa00000 - 0x000000005fad2000 	C:\Program Files\Java\jdk1.8.0_60\jre\bin\msvcr100.dll
0x000000005f170000 - 0x000000005f9f9000 	C:\Program Files\Java\jdk1.8.0_60\jre\bin\server\jvm.dll
0x000007fef7680000 - 0x000007fef7689000 	C:\Windows\system32\WSOCK32.dll
0x000007feff450000 - 0x000007feff49d000 	C:\Windows\system32\WS2_32.dll
0x000007fefed20000 - 0x000007fefed28000 	C:\Windows\system32\NSI.dll
0x000007fef9af0000 - 0x000007fef9b2b000 	C:\Windows\system32\WINMM.dll
0x000007fefc290000 - 0x000007fefc29c000 	C:\Windows\system32\VERSION.dll
0x00000000775f0000 - 0x00000000775f7000 	C:\Windows\system32\PSAPI.DLL
0x000000006b0e0000 - 0x000000006b0ef000 	C:\Program Files\Java\jdk1.8.0_60\jre\bin\verify.dll
0x0000000068da0000 - 0x0000000068dc9000 	C:\Program Files\Java\jdk1.8.0_60\jre\bin\java.dll
0x00000000621b0000 - 0x00000000621c6000 	C:\Program Files\Java\jdk1.8.0_60\jre\bin\zip.dll
0x000007fefd9a0000 - 0x000007fefe729000 	C:\Windows\system32\SHELL32.dll
0x000007feff170000 - 0x000007feff373000 	C:\Windows\system32\ole32.dll
0x000007fefd1b0000 - 0x000007fefd1bf000 	C:\Windows\system32\profapi.dll
0x000007fef6320000 - 0x000007fef6445000 	C:\Windows\system32\dbghelp.dll

VM Arguments:
jvm_args: -Djava.awt.headless=true -Xmx1024M -Dfile.encoding=windows-1252 -Duser.country=US -Duser.language=en -Duser.variant 
java_command: com.android.dx.command.Main --dex --force-jumbo --num-threads=4 --multi-dex --output D:\AndroidStudioProjects\Final_Project\app\build\intermediates\transforms\dex\debug\folders\1000\5\slice_4 D:\AndroidStudioProjects\Final_Project\app\build\intermediates\transforms\instantRunSlicer\debug\folders\1\5\slice_4
java_class_path (initial): C:\Users\User\AppData\Local\Android\sdk\build-tools\23.0.3\lib\dx.jar
Launcher Type: SUN_STANDARD

Environment Variables:
JAVA_HOME=C:\Program Files\Java\jdk1.8.0_91
PATH=C:\ProgramData\Oracle\Java\javapath;C:\Program Files (x86)\Common Files\ArcSoft\Bin;C:\Program Files (x86)\Intel\iCLS Client\;C:\Program Files\Intel\iCLS Client\;C:\Windows\system32;C:\Windows;C:\Windows\System32\Wbem;C:\Windows\System32\WindowsPowerShell\v1.0\;C:\Program Files (x86)\Intel\OpenCL SDK\2.0\bin\x86;C:\Program Files (x86)\Intel\OpenCL SDK\2.0\bin\x64;C:\Program Files\Intel\Intel(R) Management Engine Components\DAL;C:\Program Files\Intel\Intel(R) Management Engine Components\IPT;C:\Program Files (x86)\Intel\Intel(R) Management Engine Components\DAL;C:\Program Files (x86)\Intel\Intel(R) Management Engine Components\IPT;C:\Program Files (x86)\Skype\Phone\;C:\Program Files\Java\jdk1.8.0_91\bin;C:\Program Files\Git\cmd
USERNAME=User
OS=Windows_NT
PROCESSOR_IDENTIFIER=Intel64 Family 6 Model 58 Stepping 9, GenuineIntel



---------------  S Y S T E M  ---------------

OS: Windows 7 , 64 bit Build 7601 (6.1.7601.23392)

CPU:total 4 (2 cores per cpu, 2 threads per core) family 6 model 58 stepping 9, cmov, cx8, fxsr, mmx, sse, sse2, sse3, ssse3, sse4.1, sse4.2, popcnt, avx, clmul, erms, ht, tsc, tscinvbit, tscinv

Memory: 4k page, physical 4077416k(926088k free), swap 8152976k(3626204k free)

vm_info: Java HotSpot(TM) 64-Bit Server VM (25.60-b23) for windows-amd64 JRE (1.8.0_60-b27), built on Aug  4 2015 11:06:27 by "java_re" with MS VC++ 10.0 (VS2010)

time: Sat Dec 03 23:11:29 2016
elapsed time: 2 seconds (0d 0h 0m 2s)

