#
# A fatal error has been detected by the Java Runtime Environment:
#
#  EXCEPTION_ACCESS_VIOLATION (0xc0000005) at pc=0x000000005f5e9e01, pid=6140, tid=6064
#
# JRE version: Java(TM) SE Runtime Environment (8.0_60-b27) (build 1.8.0_60-b27)
# Java VM: Java HotSpot(TM) 64-Bit Server VM (25.60-b23 mixed mode windows-amd64 compressed oops)
# Problematic frame:
# V  [jvm.dll+0x479e01]
#
# Failed to write core dump. Minidumps are not enabled by default on client versions of Windows
#
# If you would like to submit a bug report, please visit:
#   http://bugreport.java.com/bugreport/crash.jsp
#

---------------  T H R E A D  ---------------

Current thread (0x0000000054b66800):  JavaThread "C2 CompilerThread0" daemon [_thread_in_native, id=6064, stack(0x0000000056530000,0x0000000056630000)]

siginfo: ExceptionCode=0xc0000005, reading address 0x00000800580377e0

Registers:
RAX=0x0000000056932e48, RBX=0x0000000000000080, RCX=0x00000800580377e0, RDX=0x00000000585e5590
RSP=0x000000005662b880, RBP=0x00000000585e55e0, RSI=0x0000000000000000, RDI=0x0000000000000010
R8 =0x00000000585e5590, R9 =0x00000000585cd6c0, R10=0x00000000585e5630, R11=0x00000000585e55e0
R12=0x00000000585cd6c0, R13=0x00000000577d3d00, R14=0x0000000056932db0, R15=0x0000000000000020
RIP=0x000000005f5e9e01, EFLAGS=0x0000000000010202

Top of Stack: (sp=0x000000005662b880)
0x000000005662b880:   0000000000000008 0000000000000000
0x000000005662b890:   0000000000000001 00000000577d3d00
0x000000005662b8a0:   00000000000004c9 0000000058906130
0x000000005662b8b0:   0000000000140160 000000005890e730
0x000000005662b8c0:   00000000577d3d00 000000005890e730
0x000000005662b8d0:   0000000054b65010 000000005f7dd228
0x000000005662b8e0:   0000000054b65010 0000000000000200
0x000000005662b8f0:   0000000059025bb0 0000000000000001
0x000000005662b900:   0000000000000001 0000000054b65010
0x000000005662b910:   0000000000000000 0000000057694fb0
0x000000005662b920:   0000000054b65010 000000005662bd70
0x000000005662b930:   0000000000000000 000000005662ba50
0x000000005662b940:   000000005662bd90 000000005f62c9af
0x000000005662b950:   000000005662bd70 0000000000000601
0x000000005662b960:   00000000585cd6c0 00000000585e55e0
0x000000005662b970:   0000000057695000 000000005769cf98 

Instructions: (pc=0x000000005f5e9e01)
0x000000005f5e9de1:   b6 00 00 00 48 8b de 0f 1f 84 00 00 00 00 00 49
0x000000005f5e9df1:   8b 46 08 48 8b 0c 03 48 85 c9 0f 84 8a 00 00 00
0x000000005f5e9e01:   48 8b 01 ff 50 10 84 c0 0f 84 7c 00 00 00 49 8b
0x000000005f5e9e11:   46 08 48 8b 0c 03 8b 41 28 41 8b 4c 85 00 83 f9 


Register to memory mapping:

RAX=0x0000000056932e48 is an unknown value
RBX=0x0000000000000080 is an unknown value
RCX=0x00000800580377e0 is an unknown value
RDX=0x00000000585e5590 is an unknown value
RSP=0x000000005662b880 is pointing into the stack for thread: 0x0000000054b66800
RBP=0x00000000585e55e0 is an unknown value
RSI=0x0000000000000000 is an unknown value
RDI=0x0000000000000010 is an unknown value
R8 =0x00000000585e5590 is an unknown value
R9 =0x00000000585cd6c0 is an unknown value
R10=0x00000000585e5630 is an unknown value
R11=0x00000000585e55e0 is an unknown value
R12=0x00000000585cd6c0 is an unknown value
R13=0x00000000577d3d00 is an unknown value
R14=0x0000000056932db0 is an unknown value
R15=0x0000000000000020 is an unknown value


Stack: [0x0000000056530000,0x0000000056630000],  sp=0x000000005662b880,  free space=1006k
Native frames: (J=compiled Java code, j=interpreted, Vv=VM code, C=native code)
V  [jvm.dll+0x479e01]
V  [jvm.dll+0x4bc9af]
V  [jvm.dll+0x46ed61]
V  [jvm.dll+0x46fa9e]
V  [jvm.dll+0x452cb2]
V  [jvm.dll+0xa4662]
V  [jvm.dll+0xa4f9f]
V  [jvm.dll+0x243134]
V  [jvm.dll+0x299f6a]
C  [msvcr100.dll+0x21d9f]
C  [msvcr100.dll+0x21e3b]
C  [kernel32.dll+0x159bd]
C  [ntdll.dll+0x2a2e1]


Current CompileTask:
C2:  17938 1866       4       com.android.dx.rop.code.LocalVariableExtractor::processBlock (327 bytes)


---------------  P R O C E S S  ---------------

Java Threads: ( => current thread )
  0x0000000056b6f000 JavaThread "pool-2-thread-4" [_thread_blocked, id=6508, stack(0x0000000057d90000,0x0000000057e90000)]
  0x0000000056b6d000 JavaThread "pool-2-thread-3" [_thread_blocked, id=6928, stack(0x0000000057bb0000,0x0000000057cb0000)]
  0x0000000056b69000 JavaThread "pool-2-thread-2" [_thread_blocked, id=7368, stack(0x0000000057a20000,0x0000000057b20000)]
  0x0000000056b68800 JavaThread "pool-3-thread-1" [_thread_blocked, id=748, stack(0x00000000578e0000,0x00000000579e0000)]
  0x0000000056b42800 JavaThread "pool-2-thread-1" [_thread_blocked, id=5796, stack(0x0000000056670000,0x0000000056770000)]
  0x0000000054b6e000 JavaThread "Service Thread" daemon [_thread_blocked, id=7720, stack(0x0000000056d60000,0x0000000056e60000)]
  0x0000000054b6b800 JavaThread "C1 CompilerThread2" daemon [_thread_blocked, id=8036, stack(0x00000000567e0000,0x00000000568e0000)]
  0x0000000054b6a800 JavaThread "C2 CompilerThread1" daemon [_thread_in_vm, id=7476, stack(0x0000000055f80000,0x0000000056080000)]
=>0x0000000054b66800 JavaThread "C2 CompilerThread0" daemon [_thread_in_native, id=6064, stack(0x0000000056530000,0x0000000056630000)]
  0x0000000054b62000 JavaThread "Attach Listener" daemon [_thread_blocked, id=2416, stack(0x0000000056390000,0x0000000056490000)]
  0x0000000054b60800 JavaThread "Signal Dispatcher" daemon [_thread_blocked, id=8188, stack(0x0000000056280000,0x0000000056380000)]
  0x0000000054b01800 JavaThread "Finalizer" daemon [_thread_blocked, id=6296, stack(0x00000000560b0000,0x00000000561b0000)]
  0x0000000054b00000 JavaThread "Reference Handler" daemon [_thread_blocked, id=7392, stack(0x0000000055de0000,0x0000000055ee0000)]
  0x0000000001e4e000 JavaThread "main" [_thread_blocked, id=6644, stack(0x00000000020f0000,0x00000000021f0000)]

Other Threads:
  0x0000000054afa800 VMThread [stack: 0x0000000055c50000,0x0000000055d50000] [id=7636]
  0x0000000056976000 WatcherThread [stack: 0x0000000056f80000,0x0000000057080000] [id=5588]

VM state:not at safepoint (normal execution)

VM Mutex/Monitor currently owned by a thread: None

Heap:
 PSYoungGen      total 68096K, used 26224K [0x00000000eab00000, 0x00000000ef000000, 0x0000000100000000)
  eden space 65536K, 36% used [0x00000000eab00000,0x00000000ec21e6d0,0x00000000eeb00000)
  from space 2560K, 99% used [0x00000000eed80000,0x00000000eeffda10,0x00000000ef000000)
  to   space 2560K, 0% used [0x00000000eeb00000,0x00000000eeb00000,0x00000000eed80000)
 ParOldGen       total 44032K, used 12783K [0x00000000c0000000, 0x00000000c2b00000, 0x00000000eab00000)
  object space 44032K, 29% used [0x00000000c0000000,0x00000000c0c7bcc0,0x00000000c2b00000)
 Metaspace       used 6269K, capacity 7152K, committed 7296K, reserved 1056768K
  class space    used 603K, capacity 616K, committed 640K, reserved 1048576K

Card table byte_map: [0x0000000011880000,0x0000000011a90000] byte_map_base: 0x0000000011280000

Marking Bits: (ParMarkBitMap*) 0x000000005f97a5b0
 Begin Bits: [0x0000000011f70000, 0x0000000012f70000)
 End Bits:   [0x0000000012f70000, 0x0000000013f70000)

Polling page: 0x0000000000210000

CodeCache: size=245760Kb used=8751Kb max_used=8775Kb free=237008Kb
 bounds [0x00000000024c0000, 0x0000000002d60000, 0x00000000114c0000]
 total_blobs=2131 nmethods=1861 adapters=182
 compilation: enabled

Compilation events (10 events):
Event: 17.707 Thread 0x0000000054b6b800 1893       3       com.android.dx.rop.annotation.Annotations::getAnnotations (11 bytes)
Event: 17.708 Thread 0x0000000054b6b800 nmethod 1893 0x0000000002d2c3d0 code [0x0000000002d2c580, 0x0000000002d2cba8]
Event: 17.708 Thread 0x0000000054b6b800 1894       3       com.android.dx.rop.code.Rops::opMoveResult (23 bytes)
Event: 17.708 Thread 0x0000000054b6b800 nmethod 1894 0x0000000002d2bdd0 code [0x0000000002d2bf60, 0x0000000002d2c298]
Event: 17.727 Thread 0x0000000054b6b800 1895       3       com.android.dx.ssa.back.FirstFitLocalCombiningAllocator::rangeContainsReserved (30 bytes)
Event: 17.727 Thread 0x0000000054b6b800 nmethod 1895 0x0000000002d2b7d0 code [0x0000000002d2b940, 0x0000000002d2bc08]
Event: 17.732 Thread 0x0000000054b6b800 1896       3       com.android.dx.rop.code.PlainInsn::<init> (13 bytes)
Event: 17.733 Thread 0x0000000054b6b800 nmethod 1896 0x0000000002d3c990 code [0x0000000002d3cb80, 0x0000000002d3d518]
Event: 17.733 Thread 0x0000000054b6b800 1897       3       com.android.dx.cf.code.LocalVariableList$Item::matchesAllButType (53 bytes)
Event: 17.734 Thread 0x0000000054b6b800 nmethod 1897 0x0000000002d3de50 code [0x0000000002d3dfe0, 0x0000000002d3e528]

GC Heap History (8 events):
Event: 4.096 GC heap before
{Heap before GC invocations=1 (full 0):
 PSYoungGen      total 18944K, used 16384K [0x00000000eab00000, 0x00000000ec000000, 0x0000000100000000)
  eden space 16384K, 100% used [0x00000000eab00000,0x00000000ebb00000,0x00000000ebb00000)
  from space 2560K, 0% used [0x00000000ebd80000,0x00000000ebd80000,0x00000000ec000000)
  to   space 2560K, 0% used [0x00000000ebb00000,0x00000000ebb00000,0x00000000ebd80000)
 ParOldGen       total 44032K, used 0K [0x00000000c0000000, 0x00000000c2b00000, 0x00000000eab00000)
  object space 44032K, 0% used [0x00000000c0000000,0x00000000c0000000,0x00000000c2b00000)
 Metaspace       used 5525K, capacity 6512K, committed 6784K, reserved 1056768K
  class space    used 597K, capacity 616K, committed 640K, reserved 1048576K
Event: 5.235 GC heap after
Heap after GC invocations=1 (full 0):
 PSYoungGen      total 18944K, used 2552K [0x00000000eab00000, 0x00000000ed000000, 0x0000000100000000)
  eden space 16384K, 0% used [0x00000000eab00000,0x00000000eab00000,0x00000000ebb00000)
  from space 2560K, 99% used [0x00000000ebb00000,0x00000000ebd7e0b8,0x00000000ebd80000)
  to   space 2560K, 0% used [0x00000000ecd80000,0x00000000ecd80000,0x00000000ed000000)
 ParOldGen       total 44032K, used 893K [0x00000000c0000000, 0x00000000c2b00000, 0x00000000eab00000)
  object space 44032K, 2% used [0x00000000c0000000,0x00000000c00df7a8,0x00000000c2b00000)
 Metaspace       used 5525K, capacity 6512K, committed 6784K, reserved 1056768K
  class space    used 597K, capacity 616K, committed 640K, reserved 1048576K
}
Event: 7.306 GC heap before
{Heap before GC invocations=2 (full 0):
 PSYoungGen      total 18944K, used 18936K [0x00000000eab00000, 0x00000000ed000000, 0x0000000100000000)
  eden space 16384K, 100% used [0x00000000eab00000,0x00000000ebb00000,0x00000000ebb00000)
  from space 2560K, 99% used [0x00000000ebb00000,0x00000000ebd7e0b8,0x00000000ebd80000)
  to   space 2560K, 0% used [0x00000000ecd80000,0x00000000ecd80000,0x00000000ed000000)
 ParOldGen       total 44032K, used 893K [0x00000000c0000000, 0x00000000c2b00000, 0x00000000eab00000)
  object space 44032K, 2% used [0x00000000c0000000,0x00000000c00df7a8,0x00000000c2b00000)
 Metaspace       used 5980K, capacity 6896K, committed 7040K, reserved 1056768K
  class space    used 602K, capacity 616K, committed 640K, reserved 1048576K
Event: 7.522 GC heap after
Heap after GC invocations=2 (full 0):
 PSYoungGen      total 35328K, used 2540K [0x00000000eab00000, 0x00000000ed000000, 0x0000000100000000)
  eden space 32768K, 0% used [0x00000000eab00000,0x00000000eab00000,0x00000000ecb00000)
  from space 2560K, 99% used [0x00000000ecd80000,0x00000000ecffb128,0x00000000ed000000)
  to   space 2560K, 0% used [0x00000000ecb00000,0x00000000ecb00000,0x00000000ecd80000)
 ParOldGen       total 44032K, used 2585K [0x00000000c0000000, 0x00000000c2b00000, 0x00000000eab00000)
  object space 44032K, 5% used [0x00000000c0000000,0x00000000c02867d8,0x00000000c2b00000)
 Metaspace       used 5980K, capacity 6896K, committed 7040K, reserved 1056768K
  class space    used 602K, capacity 616K, committed 640K, reserved 1048576K
}
Event: 11.859 GC heap before
{Heap before GC invocations=3 (full 0):
 PSYoungGen      total 35328K, used 35308K [0x00000000eab00000, 0x00000000ed000000, 0x0000000100000000)
  eden space 32768K, 100% used [0x00000000eab00000,0x00000000ecb00000,0x00000000ecb00000)
  from space 2560K, 99% used [0x00000000ecd80000,0x00000000ecffb128,0x00000000ed000000)
  to   space 2560K, 0% used [0x00000000ecb00000,0x00000000ecb00000,0x00000000ecd80000)
 ParOldGen       total 44032K, used 2585K [0x00000000c0000000, 0x00000000c2b00000, 0x00000000eab00000)
  object space 44032K, 5% used [0x00000000c0000000,0x00000000c02867d8,0x00000000c2b00000)
 Metaspace       used 6181K, capacity 7088K, committed 7296K, reserved 1056768K
  class space    used 602K, capacity 616K, committed 640K, reserved 1048576K
Event: 12.185 GC heap after
Heap after GC invocations=3 (full 0):
 PSYoungGen      total 35328K, used 2552K [0x00000000eab00000, 0x00000000ef000000, 0x0000000100000000)
  eden space 32768K, 0% used [0x00000000eab00000,0x00000000eab00000,0x00000000ecb00000)
  from space 2560K, 99% used [0x00000000ecb00000,0x00000000ecd7e178,0x00000000ecd80000)
  to   space 2560K, 0% used [0x00000000eed80000,0x00000000eed80000,0x00000000ef000000)
 ParOldGen       total 44032K, used 7656K [0x00000000c0000000, 0x00000000c2b00000, 0x00000000eab00000)
  object space 44032K, 17% used [0x00000000c0000000,0x00000000c077a3c0,0x00000000c2b00000)
 Metaspace       used 6181K, capacity 7088K, committed 7296K, reserved 1056768K
  class space    used 602K, capacity 616K, committed 640K, reserved 1048576K
}
Event: 15.610 GC heap before
{Heap before GC invocations=4 (full 0):
 PSYoungGen      total 35328K, used 35320K [0x00000000eab00000, 0x00000000ef000000, 0x0000000100000000)
  eden space 32768K, 100% used [0x00000000eab00000,0x00000000ecb00000,0x00000000ecb00000)
  from space 2560K, 99% used [0x00000000ecb00000,0x00000000ecd7e178,0x00000000ecd80000)
  to   space 2560K, 0% used [0x00000000eed80000,0x00000000eed80000,0x00000000ef000000)
 ParOldGen       total 44032K, used 7656K [0x00000000c0000000, 0x00000000c2b00000, 0x00000000eab00000)
  object space 44032K, 17% used [0x00000000c0000000,0x00000000c077a3c0,0x00000000c2b00000)
 Metaspace       used 6228K, capacity 7088K, committed 7296K, reserved 1056768K
  class space    used 603K, capacity 616K, committed 640K, reserved 1048576K
Event: 15.800 GC heap after
Heap after GC invocations=4 (full 0):
 PSYoungGen      total 68096K, used 2550K [0x00000000eab00000, 0x00000000ef000000, 0x0000000100000000)
  eden space 65536K, 0% used [0x00000000eab00000,0x00000000eab00000,0x00000000eeb00000)
  from space 2560K, 99% used [0x00000000eed80000,0x00000000eeffda10,0x00000000ef000000)
  to   space 2560K, 0% used [0x00000000eeb00000,0x00000000eeb00000,0x00000000eed80000)
 ParOldGen       total 44032K, used 12783K [0x00000000c0000000, 0x00000000c2b00000, 0x00000000eab00000)
  object space 44032K, 29% used [0x00000000c0000000,0x00000000c0c7bcc0,0x00000000c2b00000)
 Metaspace       used 6228K, capacity 7088K, committed 7296K, reserved 1056768K
  class space    used 603K, capacity 616K, committed 640K, reserved 1048576K
}

Deoptimization events (10 events):
Event: 15.483 Thread 0x0000000056b6f000 Uncommon trap: reason=unstable_if action=reinterpret pc=0x0000000002c2aa38 method=com.android.dx.cf.code.Ropper.processBlock(Lcom/android/dx/cf/code/ByteBlock;Lcom/android/dx/cf/code/Frame;[I)V @ 413
Event: 15.483 Thread 0x0000000056b6f000 Uncommon trap: reason=unstable_if action=reinterpret pc=0x00000000028a626c method=com.android.dx.util.IntList.binarysearch(I)I @ 105
Event: 15.483 Thread 0x0000000056b6f000 Uncommon trap: reason=unstable_if action=reinterpret pc=0x0000000002b78c6c method=com.android.dx.ssa.SsaBasicBlock.newFromRop(Lcom/android/dx/rop/code/RopMethod;ILcom/android/dx/ssa/SsaMethod;)Lcom/android/dx/ssa/SsaBasicBlock; @ 164
Event: 15.523 Thread 0x0000000056b6f000 Uncommon trap: reason=unstable_if action=reinterpret pc=0x0000000002ad237c method=com.android.dx.ssa.SsaMethod.blockIndexToRopLabel(I)I @ 1
Event: 16.740 Thread 0x0000000056b69000 Uncommon trap: reason=bimorphic action=maybe_recompile pc=0x0000000002c1276c method=com.android.dx.cf.code.RopperMachine.run(Lcom/android/dx/cf/code/Frame;II)V @ 988
Event: 17.060 Thread 0x0000000056b6f000 Uncommon trap: reason=bimorphic action=maybe_recompile pc=0x0000000002c1276c method=com.android.dx.cf.code.RopperMachine.run(Lcom/android/dx/cf/code/Frame;II)V @ 988
Event: 17.060 Thread 0x0000000056b6f000 Uncommon trap: reason=unloaded action=reinterpret pc=0x0000000002a143f4 method=com.android.dx.ssa.LiteralOpUpgrader$1.visitNonMoveInsn(Lcom/android/dx/ssa/NormalSsaInsn;)V @ 72
Event: 17.061 Thread 0x0000000056b6f000 Uncommon trap: reason=unstable_if action=reinterpret pc=0x000000000280ddcc method=com.android.dx.ssa.SsaMethod.updateOneDefinition(Lcom/android/dx/ssa/SsaInsn;Lcom/android/dx/rop/code/RegisterSpec;)V @ 4
Event: 17.063 Thread 0x0000000056b6f000 Uncommon trap: reason=bimorphic action=maybe_recompile pc=0x0000000002c1276c method=com.android.dx.cf.code.RopperMachine.run(Lcom/android/dx/cf/code/Frame;II)V @ 988
Event: 17.072 Thread 0x0000000056b69000 Uncommon trap: reason=bimorphic action=maybe_recompile pc=0x0000000002c1276c method=com.android.dx.cf.code.RopperMachine.run(Lcom/android/dx/cf/code/Frame;II)V @ 988

Internal exceptions (2 events):
Event: 0.955 Thread 0x0000000001e4e000 Exception <a 'java/lang/NoSuchMethodError': Method sun.misc.Unsafe.defineClass(Ljava/lang/String;[BII)Ljava/lang/Class; name or signature does not match> (0x00000000eab0d8a8) thrown at [C:\re\workspace\8-2-build-windows-amd64-cygwin\jdk8u60\4407\hotspot\sriЁ7sՔ?
Event: 0.955 Thread 0x0000000001e4e000 Exception <a 'java/lang/NoSuchMethodError': Method sun.misc.Unsafe.prefetchRead(Ljava/lang/Object;J)V name or signature does not match> (0x00000000eab0db90) thrown at [C:\re\workspace\8-2-build-windows-amd64-cygwin\jdk8u60\4407\hotspot\src\share\vm\prims\j

Events (10 events):
Event: 17.061 Thread 0x0000000056b6f000 DEOPT UNPACKING pc=0x000000000250582a sp=0x0000000057e8e4f8 mode 2
Event: 17.061 Thread 0x0000000056b6f000 Uncommon trap: trap_request=0xffffff65 fr.pc=0x000000000280ddcc
Event: 17.061 Thread 0x0000000056b6f000 DEOPT PACKING pc=0x000000000280ddcc sp=0x0000000057e8e370
Event: 17.062 Thread 0x0000000056b6f000 DEOPT UNPACKING pc=0x000000000250582a sp=0x0000000057e8e318 mode 2
Event: 17.063 Thread 0x0000000056b6f000 Uncommon trap: trap_request=0xffffffc6 fr.pc=0x0000000002c1276c
Event: 17.063 Thread 0x0000000056b6f000 DEOPT PACKING pc=0x0000000002c1276c sp=0x0000000057e8e1a0
Event: 17.063 Thread 0x0000000056b6f000 DEOPT UNPACKING pc=0x000000000250582a sp=0x0000000057e8e148 mode 2
Event: 17.072 Thread 0x0000000056b69000 Uncommon trap: trap_request=0xffffffc6 fr.pc=0x0000000002c1276c
Event: 17.072 Thread 0x0000000056b69000 DEOPT PACKING pc=0x0000000002c1276c sp=0x0000000057b1e1e0
Event: 17.072 Thread 0x0000000056b69000 DEOPT UNPACKING pc=0x000000000250582a sp=0x0000000057b1e188 mode 2


Dynamic libraries:
0x000000013f6b0000 - 0x000000013f6e7000 	C:\Program Files\Java\jdk1.8.0_60\bin\java.exe
0x0000000077420000 - 0x00000000775ca000 	C:\Windows\SYSTEM32\ntdll.dll
0x0000000077200000 - 0x000000007731f000 	C:\Windows\system32\kernel32.dll
0x000007fefd1c0000 - 0x000007fefd22a000 	C:\Windows\system32\KERNELBASE.dll
0x000007fefe8c0000 - 0x000007fefe99b000 	C:\Windows\system32\ADVAPI32.dll
0x000007fefd890000 - 0x000007fefd92f000 	C:\Windows\system32\msvcrt.dll
0x000007feff0e0000 - 0x000007feff0ff000 	C:\Windows\SYSTEM32\sechost.dll
0x000007fefea60000 - 0x000007fefeb8d000 	C:\Windows\system32\RPCRT4.dll
0x0000000077320000 - 0x000000007741a000 	C:\Windows\system32\USER32.dll
0x000007feff100000 - 0x000007feff167000 	C:\Windows\system32\GDI32.dll
0x000007fefd930000 - 0x000007fefd93e000 	C:\Windows\system32\LPK.dll
0x000007feff380000 - 0x000007feff44a000 	C:\Windows\system32\USP10.dll
0x000007fefbc00000 - 0x000007fefbdf4000 	C:\Windows\WinSxS\amd64_microsoft.windows.common-controls_6595b64144ccf1df_6.0.7601.18837_none_fa3b1e3d17594757\COMCTL32.dll
0x000007fefd560000 - 0x000007fefd5d1000 	C:\Windows\system32\SHLWAPI.dll
0x000007fefd7c0000 - 0x000007fefd7ee000 	C:\Windows\system32\IMM32.DLL
0x000007fefe730000 - 0x000007fefe839000 	C:\Windows\system32\MSCTF.dll
0x000000005fa00000 - 0x000000005fad2000 	C:\Program Files\Java\jdk1.8.0_60\jre\bin\msvcr100.dll
0x000000005f170000 - 0x000000005f9f9000 	C:\Program Files\Java\jdk1.8.0_60\jre\bin\server\jvm.dll
0x000007fef7680000 - 0x000007fef7689000 	C:\Windows\system32\WSOCK32.dll
0x000007feff450000 - 0x000007feff49d000 	C:\Windows\system32\WS2_32.dll
0x000007fefed20000 - 0x000007fefed28000 	C:\Windows\system32\NSI.dll
0x000007fef9af0000 - 0x000007fef9b2b000 	C:\Windows\system32\WINMM.dll
0x000007fefc290000 - 0x000007fefc29c000 	C:\Windows\system32\VERSION.dll
0x00000000775f0000 - 0x00000000775f7000 	C:\Windows\system32\PSAPI.DLL
0x000000006b0e0000 - 0x000000006b0ef000 	C:\Program Files\Java\jdk1.8.0_60\jre\bin\verify.dll
0x0000000068da0000 - 0x0000000068dc9000 	C:\Program Files\Java\jdk1.8.0_60\jre\bin\java.dll
0x00000000621b0000 - 0x00000000621c6000 	C:\Program Files\Java\jdk1.8.0_60\jre\bin\zip.dll
0x000007fefd9a0000 - 0x000007fefe729000 	C:\Windows\system32\SHELL32.dll
0x000007feff170000 - 0x000007feff373000 	C:\Windows\system32\ole32.dll
0x000007fefd1b0000 - 0x000007fefd1bf000 	C:\Windows\system32\profapi.dll
0x000007fef6320000 - 0x000007fef6445000 	C:\Windows\system32\dbghelp.dll

VM Arguments:
jvm_args: -Djava.awt.headless=true -Xmx1024M -Dfile.encoding=windows-1252 -Duser.country=US -Duser.language=en -Duser.variant 
java_command: com.android.dx.command.Main --dex --force-jumbo --num-threads=4 --multi-dex --output D:\AndroidStudioProjects\Final_Project\app\build\intermediates\transforms\dex\debug\folders\1000\10\com.android.support-appcompat-v7-23.4.0_cefed1b264a0e651e71707e566bce2543ffe671f D:\AndroidStudioProjects\Final_Project\app\build\intermediates\exploded-aar\com.android.support\appcompat-v7\23.4.0\jars\classes.jar
java_class_path (initial): C:\Users\User\AppData\Local\Android\sdk\build-tools\23.0.3\lib\dx.jar
Launcher Type: SUN_STANDARD

Environment Variables:
JAVA_HOME=C:\Program Files\Java\jdk1.8.0_91
PATH=C:\ProgramData\Oracle\Java\javapath;C:\Program Files (x86)\Common Files\ArcSoft\Bin;C:\Program Files (x86)\Intel\iCLS Client\;C:\Program Files\Intel\iCLS Client\;C:\Windows\system32;C:\Windows;C:\Windows\System32\Wbem;C:\Windows\System32\WindowsPowerShell\v1.0\;C:\Program Files (x86)\Intel\OpenCL SDK\2.0\bin\x86;C:\Program Files (x86)\Intel\OpenCL SDK\2.0\bin\x64;C:\Program Files\Intel\Intel(R) Management Engine Components\DAL;C:\Program Files\Intel\Intel(R) Management Engine Components\IPT;C:\Program Files (x86)\Intel\Intel(R) Management Engine Components\DAL;C:\Program Files (x86)\Intel\Intel(R) Management Engine Components\IPT;C:\Program Files (x86)\Skype\Phone\;C:\Program Files\Java\jdk1.8.0_91\bin;C:\Program Files\Git\cmd
USERNAME=User
OS=Windows_NT
PROCESSOR_IDENTIFIER=Intel64 Family 6 Model 58 Stepping 9, GenuineIntel



---------------  S Y S T E M  ---------------

OS: Windows 7 , 64 bit Build 7601 (6.1.7601.23392)

CPU:total 4 (2 cores per cpu, 2 threads per core) family 6 model 58 stepping 9, cmov, cx8, fxsr, mmx, sse, sse2, sse3, ssse3, sse4.1, sse4.2, popcnt, avx, clmul, erms, ht, tsc, tscinvbit, tscinv

Memory: 4k page, physical 4077416k(698808k free), swap 8152976k(3387400k free)

vm_info: Java HotSpot(TM) 64-Bit Server VM (25.60-b23) for windows-amd64 JRE (1.8.0_60-b27), built on Aug  4 2015 11:06:27 by "java_re" with MS VC++ 10.0 (VS2010)

time: Sat Dec 03 22:54:37 2016
elapsed time: 17 seconds (0d 0h 0m 17s)

